2020-03-30 11:01:47.495  INFO 17848 --- [restartedMain] m.c.xiaonong.XiaonongApplication         : Starting XiaonongApplication on DESKTOP-24JEOOJ with PID 17848 (started by asus in D:\community安中医management\communitymgt)
2020-03-30 11:01:47.498  INFO 17848 --- [restartedMain] m.c.xiaonong.XiaonongApplication         : No active profile set, falling back to default profiles: default
2020-03-30 11:01:47.688  INFO 17848 --- [restartedMain] .e.DevToolsPropertyDefaultsPostProcessor : Devtools property defaults active! Set 'spring.devtools.add-properties' to 'false' to disable
2020-03-30 11:01:47.688  INFO 17848 --- [restartedMain] .e.DevToolsPropertyDefaultsPostProcessor : For additional web related logging consider setting the 'logging.level.web' property to 'DEBUG'
2020-03-30 11:01:49.754  INFO 17848 --- [restartedMain] o.s.b.w.embedded.tomcat.TomcatWebServer  : Tomcat initialized with port(s): 8886 (http)
2020-03-30 11:01:49.764  INFO 17848 --- [restartedMain] o.apache.catalina.core.StandardService   : Starting service [Tomcat]
2020-03-30 11:01:49.765  INFO 17848 --- [restartedMain] org.apache.catalina.core.StandardEngine  : Starting Servlet engine: [Apache Tomcat/9.0.31]
2020-03-30 11:01:49.929  INFO 17848 --- [restartedMain] o.a.c.c.C.[Tomcat].[localhost].[/]       : Initializing Spring embedded WebApplicationContext
2020-03-30 11:01:49.930  INFO 17848 --- [restartedMain] o.s.web.context.ContextLoader            : Root WebApplicationContext: initialization completed in 2241 ms
2020-03-30 11:01:50.942  INFO 17848 --- [restartedMain] o.s.s.concurrent.ThreadPoolTaskExecutor  : Initializing ExecutorService 'applicationTaskExecutor'
2020-03-30 11:01:50.996  INFO 17848 --- [restartedMain] o.s.b.a.w.s.WelcomePageHandlerMapping    : Adding welcome page template: index
2020-03-30 11:01:51.548  INFO 17848 --- [restartedMain] o.s.b.d.a.OptionalLiveReloadServer       : LiveReload server is running on port 35729
2020-03-30 11:01:51.596  INFO 17848 --- [restartedMain] o.s.b.w.embedded.tomcat.TomcatWebServer  : Tomcat started on port(s): 8886 (http) with context path ''
2020-03-30 11:01:51.603  INFO 17848 --- [restartedMain] m.c.xiaonong.XiaonongApplication         : Started XiaonongApplication in 4.784 seconds (JVM running for 8.209)
2020-03-30 11:01:59.596  INFO 17848 --- [http-nio-8886-exec-1] o.a.c.c.C.[Tomcat].[localhost].[/]       : Initializing Spring DispatcherServlet 'dispatcherServlet'
2020-03-30 11:01:59.597  INFO 17848 --- [http-nio-8886-exec-1] o.s.web.servlet.DispatcherServlet        : Initializing Servlet 'dispatcherServlet'
2020-03-30 11:01:59.605  INFO 17848 --- [http-nio-8886-exec-1] o.s.web.servlet.DispatcherServlet        : Completed initialization in 8 ms
2020-03-30 11:02:01.264  INFO 17848 --- [http-nio-8886-exec-4] m.c.xiaonong.controller.LoginController  : 2JRR
2020-03-30 11:02:24.487  INFO 17848 --- [http-nio-8886-exec-7] com.zaxxer.hikari.HikariDataSource       : HikariPool-1 - Starting...
2020-03-30 11:02:24.855  INFO 17848 --- [http-nio-8886-exec-7] com.zaxxer.hikari.HikariDataSource       : HikariPool-1 - Start completed.
